[
  {
    "line": 1,
    "elements": [
      {
        "line": 2,
        "name": "Test Amazon Login Page",
        "description": "",
        "id": "amazon-online-application-test;test-amazon-login-page",
        "type": "scenario",
        "keyword": "Scenario",
        "steps": [
          {
            "result": {
              "duration": 5174426011,
              "error_message": "org.openqa.selenium.SessionNotCreatedException: Unable to find a matching set of capabilities\nBuild info: version: \u00273.12.0\u0027, revision: \u00277c6e0b3\u0027, time: \u00272018-05-08T14:04:26.12Z\u0027\nSystem info: host: \u0027SANATH-COMPAQ\u0027, ip: \u0027192.168.1.93\u0027, os.name: \u0027Windows 7\u0027, os.arch: \u0027amd64\u0027, os.version: \u00276.1\u0027, java.version: \u00271.8.0_171\u0027\nDriver info: driver.version: ChromeDriver\nremote stacktrace: \r\n\tat sun.reflect.NativeConstructorAccessorImpl.newInstance0(Native Method)\r\n\tat sun.reflect.NativeConstructorAccessorImpl.newInstance(NativeConstructorAccessorImpl.java:62)\r\n\tat sun.reflect.DelegatingConstructorAccessorImpl.newInstance(DelegatingConstructorAccessorImpl.java:45)\r\n\tat java.lang.reflect.Constructor.newInstance(Constructor.java:423)\r\n\tat org.openqa.selenium.remote.W3CHandshakeResponse.lambda$new$0(W3CHandshakeResponse.java:57)\r\n\tat org.openqa.selenium.remote.W3CHandshakeResponse.lambda$getResponseFunction$2(W3CHandshakeResponse.java:104)\r\n\tat org.openqa.selenium.remote.ProtocolHandshake.lambda$createSession$0(ProtocolHandshake.java:123)\r\n\tat java.util.stream.ReferencePipeline$3$1.accept(ReferencePipeline.java:193)\r\n\tat java.util.Spliterators$ArraySpliterator.tryAdvance(Spliterators.java:958)\r\n\tat java.util.stream.ReferencePipeline.forEachWithCancel(ReferencePipeline.java:126)\r\n\tat java.util.stream.AbstractPipeline.copyIntoWithCancel(AbstractPipeline.java:498)\r\n\tat java.util.stream.AbstractPipeline.copyInto(AbstractPipeline.java:485)\r\n\tat java.util.stream.AbstractPipeline.wrapAndCopyInto(AbstractPipeline.java:471)\r\n\tat java.util.stream.FindOps$FindOp.evaluateSequential(FindOps.java:152)\r\n\tat java.util.stream.AbstractPipeline.evaluate(AbstractPipeline.java:234)\r\n\tat java.util.stream.ReferencePipeline.findFirst(ReferencePipeline.java:464)\r\n\tat org.openqa.selenium.remote.ProtocolHandshake.createSession(ProtocolHandshake.java:126)\r\n\tat org.openqa.selenium.remote.ProtocolHandshake.createSession(ProtocolHandshake.java:73)\r\n\tat org.openqa.selenium.remote.HttpCommandExecutor.execute(HttpCommandExecutor.java:136)\r\n\tat org.openqa.selenium.remote.service.DriverCommandExecutor.execute(DriverCommandExecutor.java:83)\r\n\tat org.openqa.selenium.remote.RemoteWebDriver.execute(RemoteWebDriver.java:543)\r\n\tat org.openqa.selenium.remote.RemoteWebDriver.startSession(RemoteWebDriver.java:207)\r\n\tat org.openqa.selenium.remote.RemoteWebDriver.\u003cinit\u003e(RemoteWebDriver.java:130)\r\n\tat org.openqa.selenium.chrome.ChromeDriver.\u003cinit\u003e(ChromeDriver.java:181)\r\n\tat org.openqa.selenium.chrome.ChromeDriver.\u003cinit\u003e(ChromeDriver.java:168)\r\n\tat org.openqa.selenium.chrome.ChromeDriver.\u003cinit\u003e(ChromeDriver.java:123)\r\n\tat StepsDefinition.StepDefinitions.amazon_login_page(StepDefinitions.java:34)\r\n\tat âœ½.Given amazon Login Page open(src/test/java/Features/amazon.feature:3)\r\n",
              "status": "failed"
            },
            "line": 3,
            "name": "amazon Login Page open",
            "match": {
              "location": "StepDefinitions.amazon_login_page(DataTable)"
            },
            "rows": [
              {
                "cells": [
                  "E:\\Sanath\\SelleniumNew\\projects\\drivers\\geckodriver.exe",
                  "https://www.amazon.com"
                ],
                "line": 4
              }
            ],
            "keyword": "Given "
          },
          {
            "result": {
              "status": "skipped"
            },
            "line": 5,
            "name": "get the title home page",
            "match": {
              "location": "StepDefinitions.test_amazon_login_page_title()"
            },
            "keyword": "Then "
          },
          {
            "result": {
              "status": "skipped"
            },
            "line": 6,
            "name": "close the browser",
            "match": {
              "location": "StepDefinitions.close_browser()"
            },
            "keyword": "And "
          }
        ]
      },
      {
        "line": 9,
        "name": "Loging to application and add products",
        "description": "",
        "id": "amazon-online-application-test;loging-to-application-and-add-products",
        "type": "scenario",
        "keyword": "Scenario",
        "steps": [
          {
            "result": {
              "duration": 1296711,
              "error_message": "cucumber.runtime.CucumberException: Arity mismatch: Step Definition \u0027StepsDefinition.StepDefinitions.amazon_login_page(DataTable) in file:/E:/Sanath/SelleniumNew/TestAmazonApplication/target/test-classes/\u0027 with pattern [^amazon Login Page open$] is declared with 1 parameters. However, the gherkin step has 0 arguments []. \nStep: Given amazon Login Page open\r\n\tat cucumber.runtime.StepDefinitionMatch.arityMismatch(StepDefinitionMatch.java:100)\r\n\tat cucumber.runtime.StepDefinitionMatch.transformedArgs(StepDefinitionMatch.java:60)\r\n\tat cucumber.runtime.StepDefinitionMatch.runStep(StepDefinitionMatch.java:37)\r\n\tat cucumber.runtime.Runtime.runStep(Runtime.java:299)\r\n\tat cucumber.runtime.model.StepContainer.runStep(StepContainer.java:44)\r\n\tat cucumber.runtime.model.StepContainer.runSteps(StepContainer.java:39)\r\n\tat cucumber.runtime.model.CucumberScenario.run(CucumberScenario.java:44)\r\n\tat cucumber.runtime.junit.ExecutionUnitRunner.run(ExecutionUnitRunner.java:91)\r\n\tat cucumber.runtime.junit.FeatureRunner.runChild(FeatureRunner.java:63)\r\n\tat cucumber.runtime.junit.FeatureRunner.runChild(FeatureRunner.java:18)\r\n\tat org.junit.runners.ParentRunner$3.run(ParentRunner.java:290)\r\n\tat org.junit.runners.ParentRunner$1.schedule(ParentRunner.java:71)\r\n\tat org.junit.runners.ParentRunner.runChildren(ParentRunner.java:288)\r\n\tat org.junit.runners.ParentRunner.access$000(ParentRunner.java:58)\r\n\tat org.junit.runners.ParentRunner$2.evaluate(ParentRunner.java:268)\r\n\tat org.junit.runners.ParentRunner.run(ParentRunner.java:363)\r\n\tat cucumber.runtime.junit.FeatureRunner.run(FeatureRunner.java:70)\r\n\tat cucumber.api.junit.Cucumber.runChild(Cucumber.java:93)\r\n\tat cucumber.api.junit.Cucumber.runChild(Cucumber.java:37)\r\n\tat org.junit.runners.ParentRunner$3.run(ParentRunner.java:290)\r\n\tat org.junit.runners.ParentRunner$1.schedule(ParentRunner.java:71)\r\n\tat org.junit.runners.ParentRunner.runChildren(ParentRunner.java:288)\r\n\tat org.junit.runners.ParentRunner.access$000(ParentRunner.java:58)\r\n\tat org.junit.runners.ParentRunner$2.evaluate(ParentRunner.java:268)\r\n\tat org.junit.runners.ParentRunner.run(ParentRunner.java:363)\r\n\tat cucumber.api.junit.Cucumber.run(Cucumber.java:98)\r\n\tat org.junit.runner.JUnitCore.run(JUnitCore.java:137)\r\n\tat com.intellij.junit4.JUnit4IdeaTestRunner.startRunnerWithArgs(JUnit4IdeaTestRunner.java:117)\r\n\tat com.intellij.junit4.JUnit4IdeaTestRunner.startRunnerWithArgs(JUnit4IdeaTestRunner.java:42)\r\n\tat com.intellij.rt.execution.junit.JUnitStarter.prepareStreamsAndStart(JUnitStarter.java:262)\r\n\tat com.intellij.rt.execution.junit.JUnitStarter.main(JUnitStarter.java:84)\r\n\tat sun.reflect.NativeMethodAccessorImpl.invoke0(Native Method)\r\n\tat sun.reflect.NativeMethodAccessorImpl.invoke(NativeMethodAccessorImpl.java:62)\r\n\tat sun.reflect.DelegatingMethodAccessorImpl.invoke(DelegatingMethodAccessorImpl.java:43)\r\n\tat java.lang.reflect.Method.invoke(Method.java:498)\r\n\tat com.intellij.rt.execution.application.AppMain.main(AppMain.java:147)\r\n",
              "status": "failed"
            },
            "line": 10,
            "name": "amazon Login Page open",
            "match": {
              "location": "StepDefinitions.amazon_login_page(DataTable)"
            },
            "keyword": "Given "
          },
          {
            "result": {
              "status": "skipped"
            },
            "line": 11,
            "name": "enter username and click singin",
            "match": {
              "location": "StepDefinitions.user_enter_un_pw(DataTable)"
            },
            "rows": [
              {
                "cells": [
                  "sanath.jj@gmail.com",
                  "1qaz@Zaq1"
                ],
                "line": 12
              }
            ],
            "keyword": "Then "
          },
          {
            "result": {
              "status": "skipped"
            },
            "line": 13,
            "name": "search the product",
            "match": {
              "location": "StepDefinitions.search_products(DataTable)"
            },
            "rows": [
              {
                "cells": [
                  "iphone x 64 gb"
                ],
                "line": 14
              }
            ],
            "keyword": "Then "
          },
          {
            "result": {
              "status": "skipped"
            },
            "line": 15,
            "name": "click on product and get name and prcie and add",
            "match": {
              "location": "StepDefinitions.select_product()"
            },
            "keyword": "Then "
          },
          {
            "result": {
              "status": "skipped"
            },
            "line": 16,
            "name": "check the product is add to buskat and baskat page",
            "match": {
              "location": "StepDefinitions.add_to_buskats()"
            },
            "keyword": "Then "
          },
          {
            "result": {
              "status": "skipped"
            },
            "line": 17,
            "name": "close the browser",
            "match": {
              "location": "StepDefinitions.close_browser()"
            },
            "keyword": "And "
          }
        ]
      },
      {
        "line": 19,
        "name": "Relogin and validte busket count",
        "description": "",
        "id": "amazon-online-application-test;relogin-and-validte-busket-count",
        "type": "scenario",
        "keyword": "Scenario",
        "steps": [
          {
            "result": {
              "duration": 424616,
              "error_message": "cucumber.runtime.CucumberException: Arity mismatch: Step Definition \u0027StepsDefinition.StepDefinitions.amazon_login_page(DataTable) in file:/E:/Sanath/SelleniumNew/TestAmazonApplication/target/test-classes/\u0027 with pattern [^amazon Login Page open$] is declared with 1 parameters. However, the gherkin step has 0 arguments []. \nStep: Given amazon Login Page open\r\n\tat cucumber.runtime.StepDefinitionMatch.arityMismatch(StepDefinitionMatch.java:100)\r\n\tat cucumber.runtime.StepDefinitionMatch.transformedArgs(StepDefinitionMatch.java:60)\r\n\tat cucumber.runtime.StepDefinitionMatch.runStep(StepDefinitionMatch.java:37)\r\n\tat cucumber.runtime.Runtime.runStep(Runtime.java:299)\r\n\tat cucumber.runtime.model.StepContainer.runStep(StepContainer.java:44)\r\n\tat cucumber.runtime.model.StepContainer.runSteps(StepContainer.java:39)\r\n\tat cucumber.runtime.model.CucumberScenario.run(CucumberScenario.java:44)\r\n\tat cucumber.runtime.junit.ExecutionUnitRunner.run(ExecutionUnitRunner.java:91)\r\n\tat cucumber.runtime.junit.FeatureRunner.runChild(FeatureRunner.java:63)\r\n\tat cucumber.runtime.junit.FeatureRunner.runChild(FeatureRunner.java:18)\r\n\tat org.junit.runners.ParentRunner$3.run(ParentRunner.java:290)\r\n\tat org.junit.runners.ParentRunner$1.schedule(ParentRunner.java:71)\r\n\tat org.junit.runners.ParentRunner.runChildren(ParentRunner.java:288)\r\n\tat org.junit.runners.ParentRunner.access$000(ParentRunner.java:58)\r\n\tat org.junit.runners.ParentRunner$2.evaluate(ParentRunner.java:268)\r\n\tat org.junit.runners.ParentRunner.run(ParentRunner.java:363)\r\n\tat cucumber.runtime.junit.FeatureRunner.run(FeatureRunner.java:70)\r\n\tat cucumber.api.junit.Cucumber.runChild(Cucumber.java:93)\r\n\tat cucumber.api.junit.Cucumber.runChild(Cucumber.java:37)\r\n\tat org.junit.runners.ParentRunner$3.run(ParentRunner.java:290)\r\n\tat org.junit.runners.ParentRunner$1.schedule(ParentRunner.java:71)\r\n\tat org.junit.runners.ParentRunner.runChildren(ParentRunner.java:288)\r\n\tat org.junit.runners.ParentRunner.access$000(ParentRunner.java:58)\r\n\tat org.junit.runners.ParentRunner$2.evaluate(ParentRunner.java:268)\r\n\tat org.junit.runners.ParentRunner.run(ParentRunner.java:363)\r\n\tat cucumber.api.junit.Cucumber.run(Cucumber.java:98)\r\n\tat org.junit.runner.JUnitCore.run(JUnitCore.java:137)\r\n\tat com.intellij.junit4.JUnit4IdeaTestRunner.startRunnerWithArgs(JUnit4IdeaTestRunner.java:117)\r\n\tat com.intellij.junit4.JUnit4IdeaTestRunner.startRunnerWithArgs(JUnit4IdeaTestRunner.java:42)\r\n\tat com.intellij.rt.execution.junit.JUnitStarter.prepareStreamsAndStart(JUnitStarter.java:262)\r\n\tat com.intellij.rt.execution.junit.JUnitStarter.main(JUnitStarter.java:84)\r\n\tat sun.reflect.NativeMethodAccessorImpl.invoke0(Native Method)\r\n\tat sun.reflect.NativeMethodAccessorImpl.invoke(NativeMethodAccessorImpl.java:62)\r\n\tat sun.reflect.DelegatingMethodAccessorImpl.invoke(DelegatingMethodAccessorImpl.java:43)\r\n\tat java.lang.reflect.Method.invoke(Method.java:498)\r\n\tat com.intellij.rt.execution.application.AppMain.main(AppMain.java:147)\r\n",
              "status": "failed"
            },
            "line": 20,
            "name": "amazon Login Page open",
            "match": {
              "location": "StepDefinitions.amazon_login_page(DataTable)"
            },
            "keyword": "Given "
          },
          {
            "result": {
              "status": "skipped"
            },
            "line": 21,
            "name": "enter username and click singin",
            "match": {
              "location": "StepDefinitions.user_enter_un_pw(DataTable)"
            },
            "rows": [
              {
                "cells": [
                  "sanath.jj@gmail.com",
                  "1qaz@Zaq1"
                ],
                "line": 22
              }
            ],
            "keyword": "Then "
          },
          {
            "result": {
              "status": "skipped"
            },
            "line": 23,
            "name": "check busket items present or not",
            "match": {
              "location": "StepDefinitions.check_busket_items_present()"
            },
            "keyword": "Then "
          },
          {
            "result": {
              "status": "skipped"
            },
            "line": 24,
            "name": "close the browser",
            "match": {
              "location": "StepDefinitions.close_browser()"
            },
            "keyword": "And "
          }
        ]
      },
      {
        "line": 26,
        "name": "checking invalid loging",
        "description": "",
        "id": "amazon-online-application-test;checking-invalid-loging",
        "type": "scenario",
        "keyword": "Scenario",
        "steps": [
          {
            "result": {
              "duration": 2378780,
              "error_message": "cucumber.runtime.CucumberException: Arity mismatch: Step Definition \u0027StepsDefinition.StepDefinitions.amazon_login_page(DataTable) in file:/E:/Sanath/SelleniumNew/TestAmazonApplication/target/test-classes/\u0027 with pattern [^amazon Login Page open$] is declared with 1 parameters. However, the gherkin step has 0 arguments []. \nStep: Given amazon Login Page open\r\n\tat cucumber.runtime.StepDefinitionMatch.arityMismatch(StepDefinitionMatch.java:100)\r\n\tat cucumber.runtime.StepDefinitionMatch.transformedArgs(StepDefinitionMatch.java:60)\r\n\tat cucumber.runtime.StepDefinitionMatch.runStep(StepDefinitionMatch.java:37)\r\n\tat cucumber.runtime.Runtime.runStep(Runtime.java:299)\r\n\tat cucumber.runtime.model.StepContainer.runStep(StepContainer.java:44)\r\n\tat cucumber.runtime.model.StepContainer.runSteps(StepContainer.java:39)\r\n\tat cucumber.runtime.model.CucumberScenario.run(CucumberScenario.java:44)\r\n\tat cucumber.runtime.junit.ExecutionUnitRunner.run(ExecutionUnitRunner.java:91)\r\n\tat cucumber.runtime.junit.FeatureRunner.runChild(FeatureRunner.java:63)\r\n\tat cucumber.runtime.junit.FeatureRunner.runChild(FeatureRunner.java:18)\r\n\tat org.junit.runners.ParentRunner$3.run(ParentRunner.java:290)\r\n\tat org.junit.runners.ParentRunner$1.schedule(ParentRunner.java:71)\r\n\tat org.junit.runners.ParentRunner.runChildren(ParentRunner.java:288)\r\n\tat org.junit.runners.ParentRunner.access$000(ParentRunner.java:58)\r\n\tat org.junit.runners.ParentRunner$2.evaluate(ParentRunner.java:268)\r\n\tat org.junit.runners.ParentRunner.run(ParentRunner.java:363)\r\n\tat cucumber.runtime.junit.FeatureRunner.run(FeatureRunner.java:70)\r\n\tat cucumber.api.junit.Cucumber.runChild(Cucumber.java:93)\r\n\tat cucumber.api.junit.Cucumber.runChild(Cucumber.java:37)\r\n\tat org.junit.runners.ParentRunner$3.run(ParentRunner.java:290)\r\n\tat org.junit.runners.ParentRunner$1.schedule(ParentRunner.java:71)\r\n\tat org.junit.runners.ParentRunner.runChildren(ParentRunner.java:288)\r\n\tat org.junit.runners.ParentRunner.access$000(ParentRunner.java:58)\r\n\tat org.junit.runners.ParentRunner$2.evaluate(ParentRunner.java:268)\r\n\tat org.junit.runners.ParentRunner.run(ParentRunner.java:363)\r\n\tat cucumber.api.junit.Cucumber.run(Cucumber.java:98)\r\n\tat org.junit.runner.JUnitCore.run(JUnitCore.java:137)\r\n\tat com.intellij.junit4.JUnit4IdeaTestRunner.startRunnerWithArgs(JUnit4IdeaTestRunner.java:117)\r\n\tat com.intellij.junit4.JUnit4IdeaTestRunner.startRunnerWithArgs(JUnit4IdeaTestRunner.java:42)\r\n\tat com.intellij.rt.execution.junit.JUnitStarter.prepareStreamsAndStart(JUnitStarter.java:262)\r\n\tat com.intellij.rt.execution.junit.JUnitStarter.main(JUnitStarter.java:84)\r\n\tat sun.reflect.NativeMethodAccessorImpl.invoke0(Native Method)\r\n\tat sun.reflect.NativeMethodAccessorImpl.invoke(NativeMethodAccessorImpl.java:62)\r\n\tat sun.reflect.DelegatingMethodAccessorImpl.invoke(DelegatingMethodAccessorImpl.java:43)\r\n\tat java.lang.reflect.Method.invoke(Method.java:498)\r\n\tat com.intellij.rt.execution.application.AppMain.main(AppMain.java:147)\r\n",
              "status": "failed"
            },
            "line": 27,
            "name": "amazon Login Page open",
            "match": {
              "location": "StepDefinitions.amazon_login_page(DataTable)"
            },
            "keyword": "Given "
          },
          {
            "result": {
              "status": "skipped"
            },
            "line": 28,
            "name": "enter user name and incorect password and click singine",
            "match": {
              "location": "StepDefinitions.incorrect_login_check(DataTable)"
            },
            "rows": [
              {
                "cells": [
                  "sanath.jj@gmail.com",
                  "1qaz@@Zaq1"
                ],
                "line": 29
              }
            ],
            "keyword": "Then "
          }
        ]
      }
    ],
    "name": "Amazon Online Application Test",
    "description": "",
    "id": "amazon-online-application-test",
    "keyword": "Feature",
    "uri": "src/test/java/Features/amazon.feature"
  }
]